[LOG] System::create                           : Header version = 2.02.18. Current version = 2.02.18.
[LOG] Manager::init                            : maxchannels = 256 studioflags = 00000006 flags 00000000 extradriverdata 0000000000000000.
[LOG] SystemI::init                            : Initialize version=20218 (137105), maxchannels=256, flags=0x00020000
[LOG] SystemI::setOutputInternal               : Setting output to 'FMOD WASAPI Output'
[LOG] OutputWASAPI::init                       : Mix Format (WAVEFORMATEX): wFormatTag=0xFFFE, nChannels=2, nSamplesPerSec=48000, nAvgBytesPerSec=384000, nBlockAlign=8, wBitsPerSample=32, cbSize=22.
[LOG] OutputWASAPI::init                       : Mix Format (WAVEFORMATEXTENSIBLE): wValidBitsPerSample=32, dwChannelMask=0x00000003, SubFormat=00000003-0000-0010-8000-00AA00389B71.
[LOG] OutputWASAPI::init                       : Output buffer size: 4096 samples, latency: 0.00ms, period: 10.00ms, DSP buffer: 1024 * 4
[LOG] Thread::initThread                       : Init FMOD stream thread. Affinity: 0x4000000000000003, Priority: 0xFFFF7FFB, Stack Size: 98304, Semaphore: No, Sleep Time: 10, Looping: Yes.
[LOG] Thread::initThread                       : Init FMOD mixer thread. Affinity: 0x4000000000000001, Priority: 0xFFFF7FFA, Stack Size: 81920, Semaphore: No, Sleep Time: 0, Looping: Yes.
[LOG] AsyncManager::init                       : manager 000002B197EF72D8 isAsync 0 updatePeriod 0.02
[LOG] AsyncManager::init                       : done
[LOG] PlaybackSystem::init                     : 
[LOG] Thread::initThread                       : Init FMOD Studio sample load thread. Affinity: 0x4000000000000003, Priority: 0xFFFF7FFD, Stack Size: 98304, Semaphore: No, Sleep Time: 1, Looping: No.
[LOG] PlaybackSystem::init                     : done
[LOG] Thread::initThread                       : Init FMOD Studio bank load thread. Affinity: 0x4000000000000003, Priority: 0xFFFF7FFD, Stack Size: 98304, Semaphore: No, Sleep Time: 1, Looping: No.
[LOG] Manager::init                            : done.
[LOG] Manager::readBank                        : fileversion = 142, compatVersion = 140 (oldest = 44, newest = 142)
[LOG] Manager::readBank                        : fileversion = 142, compatVersion = 140 (oldest = 44, newest = 142)
[LOG] PlaybackSystem::acquireMasterBus         : Setting master channel group format to 6
[LOG] SystemI::createSoundInternal             : Create name='', mode=0x02000202
[LOG] SystemI::createSoundInternal             : exinfo->cbsize             = 224
[LOG] SystemI::createSoundInternal             : exinfo->length             = 1693440
[LOG] SystemI::createSoundInternal             : exinfo->fileoffset         = 19200
[LOG] SystemI::createSoundInternal             : exinfo->numsubsounds       = 1
[LOG] SystemI::createSoundInternal             : exinfo->inclusionlist      = 000000C5B0DFF488
[LOG] SystemI::createSoundInternal             : exinfo->inclusionlistnum   = 1
[LOG] SystemI::createSoundInternal             : exinfo->suggestedsoundtype = 5
[LOG] SystemI::createSoundInternal             : exinfo->useropen           = 00007FFE9CBF3FA0
[LOG] SystemI::createSoundInternal             : exinfo->userclose          = 00007FFE9CBF3F60
[LOG] SystemI::createSoundInternal             : exinfo->userread           = 00007FFE9CBF4080
[LOG] SystemI::createSoundInternal             : exinfo->userseek           = 00007FFE9CBF4140
[LOG] SystemI::createSoundInternal             : exinfo->fileuserdata       = 000002B196D73B68
[LOG] SystemI::createSoundInternal             : exinfo->initialseekpostype = 1
[LOG] SystemI::DSPCodecPoolRegister            : register codec pool for pool type 5
[LOG] SystemI::createSoundInternal             : Sample 0/1: name='Browing0', format=5, channels=2, frequency=48000, lengthbytes=9408, lengthpcm=46393, pcmblocksize=0, loopstart=0, loopend=0, mode=0x00000000, channelmask=0x00000000, channelorder=0, peakvolume=0.021576.
[LOG] SystemI::createSoundInternal             : Create name='', mode=0x02000202
[LOG] SystemI::createSoundInternal             : exinfo->cbsize             = 224
[LOG] SystemI::createSoundInternal             : exinfo->length             = 1693440
[LOG] SystemI::createSoundInternal             : exinfo->fileoffset         = 19200
[LOG] SystemI::createSoundInternal             : exinfo->numsubsounds       = 1
[LOG] SystemI::createSoundInternal             : exinfo->inclusionlist      = 000000C5B0DFF488
[LOG] SystemI::createSoundInternal             : exinfo->inclusionlistnum   = 1
[LOG] SystemI::createSoundInternal             : exinfo->suggestedsoundtype = 5
[LOG] SystemI::createSoundInternal             : exinfo->useropen           = 00007FFE9CBF3FA0
[LOG] SystemI::createSoundInternal             : exinfo->userclose          = 00007FFE9CBF3F60
[LOG] SystemI::createSoundInternal             : exinfo->userread           = 00007FFE9CBF4080
[LOG] SystemI::createSoundInternal             : exinfo->userseek           = 00007FFE9CBF4140
[LOG] SystemI::createSoundInternal             : exinfo->fileuserdata       = 000002B196D73B68
[LOG] SystemI::createSoundInternal             : exinfo->initialseekpostype = 1
[LOG] SystemI::DSPCodecPoolRegister            : register codec pool for pool type 5
[LOG] SystemI::createSoundInternal             : Sample 0/1: name='Browing0-18.190', format=5, channels=2, frequency=48000, lengthbytes=10592, lengthpcm=56424, pcmblocksize=0, loopstart=0, loopend=0, mode=0x00000000, channelmask=0x00000000, channelorder=0, peakvolume=0.011505.
[LOG] SystemI::createSoundInternal             : Create name='', mode=0x02000202
[LOG] SystemI::createSoundInternal             : exinfo->cbsize             = 224
[LOG] SystemI::createSoundInternal             : exinfo->length             = 1693440
[LOG] SystemI::createSoundInternal             : exinfo->fileoffset         = 19200
[LOG] SystemI::createSoundInternal             : exinfo->numsubsounds       = 1
[LOG] SystemI::createSoundInternal             : exinfo->inclusionlist      = 000000C5B0DFF488
[LOG] SystemI::createSoundInternal             : exinfo->inclusionlistnum   = 1
[LOG] SystemI::createSoundInternal             : exinfo->suggestedsoundtype = 5
[LOG] SystemI::createSoundInternal             : exinfo->useropen           = 00007FFE9CBF3FA0
[LOG] SystemI::createSoundInternal             : exinfo->userclose          = 00007FFE9CBF3F60
[LOG] SystemI::createSoundInternal             : exinfo->userread           = 00007FFE9CBF4080
[LOG] SystemI::createSoundInternal             : exinfo->userseek           = 00007FFE9CBF4140
[LOG] SystemI::createSoundInternal             : exinfo->fileuserdata       = 000002B196D73B68
[LOG] SystemI::createSoundInternal             : exinfo->initialseekpostype = 1
[LOG] SystemI::DSPCodecPoolRegister            : register codec pool for pool type 5
[LOG] SystemI::createSoundInternal             : Sample 0/1: name='Brosing1', format=5, channels=2, frequency=48000, lengthbytes=5184, lengthpcm=23823, pcmblocksize=0, loopstart=0, loopend=0, mode=0x00000000, channelmask=0x00000000, channelorder=0, peakvolume=0.033752.
[LOG] SystemI::createSoundInternal             : Create name='', mode=0x02000202
[LOG] SystemI::createSoundInternal             : exinfo->cbsize             = 224
[LOG] SystemI::createSoundInternal             : exinfo->length             = 1693440
[LOG] SystemI::createSoundInternal             : exinfo->fileoffset         = 19200
[LOG] SystemI::createSoundInternal             : exinfo->numsubsounds       = 1
[LOG] SystemI::createSoundInternal             : exinfo->inclusionlist      = 000000C5B0DFF488
[LOG] SystemI::createSoundInternal             : exinfo->inclusionlistnum   = 1
[LOG] SystemI::createSoundInternal             : exinfo->suggestedsoundtype = 5
[LOG] SystemI::createSoundInternal             : exinfo->useropen           = 00007FFE9CBF3FA0
[LOG] SystemI::createSoundInternal             : exinfo->userclose          = 00007FFE9CBF3F60
[LOG] SystemI::createSoundInternal             : exinfo->userread           = 00007FFE9CBF4080
[LOG] SystemI::createSoundInternal             : exinfo->userseek           = 00007FFE9CBF4140
[LOG] SystemI::createSoundInternal             : exinfo->fileuserdata       = 000002B196D73B68
[LOG] SystemI::createSoundInternal             : exinfo->initialseekpostype = 1
[LOG] SystemI::DSPCodecPoolRegister            : register codec pool for pool type 5
[LOG] SystemI::createSoundInternal             : Sample 0/1: name='Browing0-08.970', format=5, channels=2, frequency=48000, lengthbytes=10592, lengthpcm=53916, pcmblocksize=0, loopstart=0, loopend=0, mode=0x00000000, channelmask=0x00000000, channelorder=0, peakvolume=0.017426.
[LOG] SystemI::createSoundInternal             : Create name='', mode=0x02000202
[LOG] SystemI::createSoundInternal             : exinfo->cbsize             = 224
[LOG] SystemI::createSoundInternal             : exinfo->length             = 1693440
[LOG] SystemI::createSoundInternal             : exinfo->fileoffset         = 19200
[LOG] SystemI::createSoundInternal             : exinfo->numsubsounds       = 1
[LOG] SystemI::createSoundInternal             : exinfo->inclusionlist      = 000000C5B0DFF488
[LOG] SystemI::createSoundInternal             : exinfo->inclusionlistnum   = 1
[LOG] SystemI::createSoundInternal             : exinfo->suggestedsoundtype = 5
[LOG] SystemI::createSoundInternal             : exinfo->useropen           = 00007FFE9CBF3FA0
[LOG] SystemI::createSoundInternal             : exinfo->userclose          = 00007FFE9CBF3F60
[LOG] SystemI::createSoundInternal             : exinfo->userread           = 00007FFE9CBF4080
[LOG] SystemI::createSoundInternal             : exinfo->userseek           = 00007FFE9CBF4140
[LOG] SystemI::createSoundInternal             : exinfo->fileuserdata       = 000002B196D73B68
[LOG] SystemI::createSoundInternal             : exinfo->initialseekpostype = 1
[LOG] SystemI::DSPCodecPoolRegister            : register codec pool for pool type 5
[LOG] SystemI::createSoundInternal             : Sample 0/1: name='Browing0-12.810', format=5, channels=2, frequency=48000, lengthbytes=11104, lengthpcm=55170, pcmblocksize=0, loopstart=0, loopend=0, mode=0x00000000, channelmask=0x00000000, channelorder=0, peakvolume=0.034821.
[LOG] SystemI::createSoundInternal             : Create name='', mode=0x02000202
[LOG] SystemI::createSoundInternal             : exinfo->cbsize             = 224
[LOG] SystemI::createSoundInternal             : exinfo->length             = 1693440
[LOG] SystemI::createSoundInternal             : exinfo->fileoffset         = 19200
[LOG] SystemI::createSoundInternal             : exinfo->numsubsounds       = 1
[LOG] SystemI::createSoundInternal             : exinfo->inclusionlist      = 000000C5B0DFF488
[LOG] SystemI::createSoundInternal             : exinfo->inclusionlistnum   = 1
[LOG] SystemI::createSoundInternal             : exinfo->suggestedsoundtype = 5
[LOG] SystemI::createSoundInternal             : exinfo->useropen           = 00007FFE9CBF3FA0
[LOG] SystemI::createSoundInternal             : exinfo->userclose          = 00007FFE9CBF3F60
[LOG] SystemI::createSoundInternal             : exinfo->userread           = 00007FFE9CBF4080
[LOG] SystemI::createSoundInternal             : exinfo->userseek           = 00007FFE9CBF4140
[LOG] SystemI::createSoundInternal             : exinfo->fileuserdata       = 000002B196D73B68
[LOG] SystemI::createSoundInternal             : exinfo->initialseekpostype = 1
[LOG] SystemI::DSPCodecPoolRegister            : register codec pool for pool type 5
[LOG] SystemI::createSoundInternal             : Sample 0/1: name='Browing0-05.920', format=5, channels=2, frequency=48000, lengthbytes=8512, lengthpcm=38870, pcmblocksize=0, loopstart=0, loopend=0, mode=0x00000000, channelmask=0x00000000, channelorder=0, peakvolume=0.094360.
[LOG] SystemI::createSoundInternal             : Create name='', mode=0x02000202
[LOG] SystemI::createSoundInternal             : exinfo->cbsize             = 224
[LOG] SystemI::createSoundInternal             : exinfo->length             = 1693440
[LOG] SystemI::createSoundInternal             : exinfo->fileoffset         = 19200
[LOG] SystemI::createSoundInternal             : exinfo->numsubsounds       = 1
[LOG] SystemI::createSoundInternal             : exinfo->inclusionlist      = 000000C5B0DFF488
[LOG] SystemI::createSoundInternal             : exinfo->inclusionlistnum   = 1
[LOG] SystemI::createSoundInternal             : exinfo->suggestedsoundtype = 5
[LOG] SystemI::createSoundInternal             : exinfo->useropen           = 00007FFE9CBF3FA0
[LOG] SystemI::createSoundInternal             : exinfo->userclose          = 00007FFE9CBF3F60
[LOG] SystemI::createSoundInternal             : exinfo->userread           = 00007FFE9CBF4080
[LOG] SystemI::createSoundInternal             : exinfo->userseek           = 00007FFE9CBF4140
[LOG] SystemI::createSoundInternal             : exinfo->fileuserdata       = 000002B14B11B368
[LOG] SystemI::createSoundInternal             : exinfo->initialseekpostype = 1
[LOG] SystemI::DSPCodecPoolRegister            : register codec pool for pool type 5
[LOG] SystemI::createSoundInternal             : Sample 0/1: name='Error10', format=5, channels=2, frequency=48000, lengthbytes=21600, lengthpcm=120000, pcmblocksize=0, loopstart=0, loopend=0, mode=0x00000000, channelmask=0x00000000, channelorder=0, peakvolume=0.525360.
[LOG] SystemI::createSoundInternal             : Create name='', mode=0x02000202
[LOG] SystemI::createSoundInternal             : exinfo->cbsize             = 224
[LOG] SystemI::createSoundInternal             : exinfo->length             = 1693440
[LOG] SystemI::createSoundInternal             : exinfo->fileoffset         = 19200
[LOG] SystemI::createSoundInternal             : exinfo->numsubsounds       = 1
[LOG] SystemI::createSoundInternal             : exinfo->inclusionlist      = 000000C5B0DFF488
[LOG] SystemI::createSoundInternal             : exinfo->inclusionlistnum   = 1
[LOG] SystemI::createSoundInternal             : exinfo->suggestedsoundtype = 5
[LOG] SystemI::createSoundInternal             : exinfo->useropen           = 00007FFE9CBF3FA0
[LOG] SystemI::createSoundInternal             : exinfo->userclose          = 00007FFE9CBF3F60
[LOG] SystemI::createSoundInternal             : exinfo->userread           = 00007FFE9CBF4080
[LOG] SystemI::createSoundInternal             : exinfo->userseek           = 00007FFE9CBF4140
[LOG] SystemI::createSoundInternal             : exinfo->fileuserdata       = 000002B14B11B368
[LOG] SystemI::createSoundInternal             : exinfo->initialseekpostype = 1
[LOG] SystemI::DSPCodecPoolRegister            : register codec pool for pool type 5
[LOG] SystemI::createSoundInternal             : Sample 0/1: name='Error27', format=5, channels=2, frequency=48000, lengthbytes=21056, lengthpcm=120000, pcmblocksize=0, loopstart=0, loopend=0, mode=0x00000000, channelmask=0x00000000, channelorder=0, peakvolume=0.455505.
[LOG] SystemI::createSoundInternal             : Create name='', mode=0x02000202
[LOG] SystemI::createSoundInternal             : exinfo->cbsize             = 224
[LOG] SystemI::createSoundInternal             : exinfo->length             = 1693440
[LOG] SystemI::createSoundInternal             : exinfo->fileoffset         = 19200
[LOG] SystemI::createSoundInternal             : exinfo->numsubsounds       = 1
[LOG] SystemI::createSoundInternal             : exinfo->inclusionlist      = 000000C5B0DFF488
[LOG] SystemI::createSoundInternal             : exinfo->inclusionlistnum   = 1
[LOG] SystemI::createSoundInternal             : exinfo->suggestedsoundtype = 5
[LOG] SystemI::createSoundInternal             : exinfo->useropen           = 00007FFE9CBF3FA0
[LOG] SystemI::createSoundInternal             : exinfo->userclose          = 00007FFE9CBF3F60
[LOG] SystemI::createSoundInternal             : exinfo->userread           = 00007FFE9CBF4080
[LOG] SystemI::createSoundInternal             : exinfo->userseek           = 00007FFE9CBF4140
[LOG] SystemI::createSoundInternal             : exinfo->fileuserdata       = 000002B14B11B368
[LOG] SystemI::createSoundInternal             : exinfo->initialseekpostype = 1
[LOG] SystemI::DSPCodecPoolRegister            : register codec pool for pool type 5
[LOG] SystemI::createSoundInternal             : Sample 0/1: name='Error48', format=5, channels=2, frequency=48000, lengthbytes=22688, lengthpcm=120000, pcmblocksize=0, loopstart=0, loopend=0, mode=0x00000000, channelmask=0x00000000, channelorder=0, peakvolume=0.423523.
[LOG] SystemI::createSoundInternal             : Create name='', mode=0x02000202
[LOG] SystemI::createSoundInternal             : exinfo->cbsize             = 224
[LOG] SystemI::createSoundInternal             : exinfo->length             = 1693440
[LOG] SystemI::createSoundInternal             : exinfo->fileoffset         = 19200
[LOG] SystemI::createSoundInternal             : exinfo->numsubsounds       = 1
[LOG] SystemI::createSoundInternal             : exinfo->inclusionlist      = 000000C5B0DFF488
[LOG] SystemI::createSoundInternal             : exinfo->inclusionlistnum   = 1
[LOG] SystemI::createSoundInternal             : exinfo->suggestedsoundtype = 5
[LOG] SystemI::createSoundInternal             : exinfo->useropen           = 00007FFE9CBF3FA0
[LOG] SystemI::createSoundInternal             : exinfo->userclose          = 00007FFE9CBF3F60
[LOG] SystemI::createSoundInternal             : exinfo->userread           = 00007FFE9CBF4080
[LOG] SystemI::createSoundInternal             : exinfo->userseek           = 00007FFE9CBF4140
[LOG] SystemI::createSoundInternal             : exinfo->fileuserdata       = 000002B14B11B368
[LOG] SystemI::createSoundInternal             : exinfo->initialseekpostype = 1
[LOG] SystemI::DSPCodecPoolRegister            : register codec pool for pool type 5
[LOG] SystemI::createSoundInternal             : Sample 0/1: name='Error03', format=5, channels=2, frequency=48000, lengthbytes=20224, lengthpcm=120000, pcmblocksize=0, loopstart=0, loopend=0, mode=0x00000000, channelmask=0x00000000, channelorder=0, peakvolume=0.407288.
[LOG] SystemI::createSoundInternal             : Create name='', mode=0x02000202
[LOG] SystemI::createSoundInternal             : exinfo->cbsize             = 224
[LOG] SystemI::createSoundInternal             : exinfo->length             = 1693440
[LOG] SystemI::createSoundInternal             : exinfo->fileoffset         = 19200
[LOG] SystemI::createSoundInternal             : exinfo->numsubsounds       = 1
[LOG] SystemI::createSoundInternal             : exinfo->inclusionlist      = 000000C5B0DFF488
[LOG] SystemI::createSoundInternal             : exinfo->inclusionlistnum   = 1
[LOG] SystemI::createSoundInternal             : exinfo->suggestedsoundtype = 5
[LOG] SystemI::createSoundInternal             : exinfo->useropen           = 00007FFE9CBF3FA0
[LOG] SystemI::createSoundInternal             : exinfo->userclose          = 00007FFE9CBF3F60
[LOG] SystemI::createSoundInternal             : exinfo->userread           = 00007FFE9CBF4080
[LOG] SystemI::createSoundInternal             : exinfo->userseek           = 00007FFE9CBF4140
[LOG] SystemI::createSoundInternal             : exinfo->fileuserdata       = 000002B14B11B368
[LOG] SystemI::createSoundInternal             : exinfo->initialseekpostype = 1
[LOG] SystemI::DSPCodecPoolRegister            : register codec pool for pool type 5
[LOG] SystemI::createSoundInternal             : Sample 0/1: name='37', format=5, channels=2, frequency=48000, lengthbytes=21280, lengthpcm=120000, pcmblocksize=0, loopstart=0, loopend=0, mode=0x00000000, channelmask=0x00000000, channelorder=0, peakvolume=0.454163.
[LOG] SystemI::createSoundInternal             : Create name='', mode=0x02000202
[LOG] SystemI::createSoundInternal             : exinfo->cbsize             = 224
[LOG] SystemI::createSoundInternal             : exinfo->length             = 1693440
[LOG] SystemI::createSoundInternal             : exinfo->fileoffset         = 19200
[LOG] SystemI::createSoundInternal             : exinfo->numsubsounds       = 1
[LOG] SystemI::createSoundInternal             : exinfo->inclusionlist      = 000000C5B0DFF488
[LOG] SystemI::createSoundInternal             : exinfo->inclusionlistnum   = 1
[LOG] SystemI::createSoundInternal             : exinfo->suggestedsoundtype = 5
[LOG] SystemI::createSoundInternal             : exinfo->useropen           = 00007FFE9CBF3FA0
[LOG] SystemI::createSoundInternal             : exinfo->userclose          = 00007FFE9CBF3F60
[LOG] SystemI::createSoundInternal             : exinfo->userread           = 00007FFE9CBF4080
[LOG] SystemI::createSoundInternal             : exinfo->userseek           = 00007FFE9CBF4140
[LOG] SystemI::createSoundInternal             : exinfo->fileuserdata       = 000002B14B11B368
[LOG] SystemI::createSoundInternal             : exinfo->initialseekpostype = 1
[LOG] SystemI::DSPCodecPoolRegister            : register codec pool for pool type 5
[LOG] SystemI::createSoundInternal             : Sample 0/1: name='Error20', format=5, channels=2, frequency=48000, lengthbytes=21344, lengthpcm=120000, pcmblocksize=0, loopstart=0, loopend=0, mode=0x00000000, channelmask=0x00000000, channelorder=0, peakvolume=0.541168.
[LOG] SystemI::createSoundInternal             : Create name='', mode=0x02000202
[LOG] SystemI::createSoundInternal             : exinfo->cbsize             = 224
[LOG] SystemI::createSoundInternal             : exinfo->length             = 1693440
[LOG] SystemI::createSoundInternal             : exinfo->fileoffset         = 19200
[LOG] SystemI::createSoundInternal             : exinfo->numsubsounds       = 1
[LOG] SystemI::createSoundInternal             : exinfo->inclusionlist      = 000000C5B0DFF488
[LOG] SystemI::createSoundInternal             : exinfo->inclusionlistnum   = 1
[LOG] SystemI::createSoundInternal             : exinfo->suggestedsoundtype = 5
[LOG] SystemI::createSoundInternal             : exinfo->useropen           = 00007FFE9CBF3FA0
[LOG] SystemI::createSoundInternal             : exinfo->userclose          = 00007FFE9CBF3F60
[LOG] SystemI::createSoundInternal             : exinfo->userread           = 00007FFE9CBF4080
[LOG] SystemI::createSoundInternal             : exinfo->userseek           = 00007FFE9CBF4140
[LOG] SystemI::createSoundInternal             : exinfo->fileuserdata       = 000002B14B11B368
[LOG] SystemI::createSoundInternal             : exinfo->initialseekpostype = 1
[LOG] SystemI::DSPCodecPoolRegister            : register codec pool for pool type 5
[LOG] SystemI::createSoundInternal             : Sample 0/1: name='Error31', format=5, channels=2, frequency=48000, lengthbytes=28416, lengthpcm=120000, pcmblocksize=0, loopstart=0, loopend=0, mode=0x00000000, channelmask=0x00000000, channelorder=0, peakvolume=0.228821.
[LOG] SystemI::createSoundInternal             : Create name='', mode=0x02000202
[LOG] SystemI::createSoundInternal             : exinfo->cbsize             = 224
[LOG] SystemI::createSoundInternal             : exinfo->length             = 1693440
[LOG] SystemI::createSoundInternal             : exinfo->fileoffset         = 19200
[LOG] SystemI::createSoundInternal             : exinfo->numsubsounds       = 1
[LOG] SystemI::createSoundInternal             : exinfo->inclusionlist      = 000000C5B0DFF488
[LOG] SystemI::createSoundInternal             : exinfo->inclusionlistnum   = 1
[LOG] SystemI::createSoundInternal             : exinfo->suggestedsoundtype = 5
[LOG] SystemI::createSoundInternal             : exinfo->useropen           = 00007FFE9CBF3FA0
[LOG] SystemI::createSoundInternal             : exinfo->userclose          = 00007FFE9CBF3F60
[LOG] SystemI::createSoundInternal             : exinfo->userread           = 00007FFE9CBF4080
[LOG] SystemI::createSoundInternal             : exinfo->userseek           = 00007FFE9CBF4140
[LOG] SystemI::createSoundInternal             : exinfo->fileuserdata       = 000002B14B11B368
[LOG] SystemI::createSoundInternal             : exinfo->initialseekpostype = 1
[LOG] SystemI::DSPCodecPoolRegister            : register codec pool for pool type 5
[LOG] SystemI::createSoundInternal             : Sample 0/1: name='Error', format=5, channels=2, frequency=48000, lengthbytes=21120, lengthpcm=120000, pcmblocksize=0, loopstart=0, loopend=0, mode=0x00000000, channelmask=0x00000000, channelorder=0, peakvolume=0.469543.
[LOG] SystemI::createSoundInternal             : Create name='', mode=0x02000202
[LOG] SystemI::createSoundInternal             : exinfo->cbsize             = 224
[LOG] SystemI::createSoundInternal             : exinfo->length             = 1693440
[LOG] SystemI::createSoundInternal             : exinfo->fileoffset         = 19200
[LOG] SystemI::createSoundInternal             : exinfo->numsubsounds       = 1
[LOG] SystemI::createSoundInternal             : exinfo->inclusionlist      = 000000C5B0DFF488
[LOG] SystemI::createSoundInternal             : exinfo->inclusionlistnum   = 1
[LOG] SystemI::createSoundInternal             : exinfo->suggestedsoundtype = 5
[LOG] SystemI::createSoundInternal             : exinfo->useropen           = 00007FFE9CBF3FA0
[LOG] SystemI::createSoundInternal             : exinfo->userclose          = 00007FFE9CBF3F60
[LOG] SystemI::createSoundInternal             : exinfo->userread           = 00007FFE9CBF4080
[LOG] SystemI::createSoundInternal             : exinfo->userseek           = 00007FFE9CBF4140
[LOG] SystemI::createSoundInternal             : exinfo->fileuserdata       = 000002B14B11B368
[LOG] SystemI::createSoundInternal             : exinfo->initialseekpostype = 1
[LOG] SystemI::DSPCodecPoolRegister            : register codec pool for pool type 5
[LOG] SystemI::createSoundInternal             : Sample 0/1: name='Error34', format=5, channels=2, frequency=48000, lengthbytes=21120, lengthpcm=120000, pcmblocksize=0, loopstart=0, loopend=0, mode=0x00000000, channelmask=0x00000000, channelorder=0, peakvolume=0.486816.
[LOG] SystemI::createSoundInternal             : Create name='', mode=0x02000202
[LOG] SystemI::createSoundInternal             : exinfo->cbsize             = 224
[LOG] SystemI::createSoundInternal             : exinfo->length             = 1693440
[LOG] SystemI::createSoundInternal             : exinfo->fileoffset         = 19200
[LOG] SystemI::createSoundInternal             : exinfo->numsubsounds       = 1
[LOG] SystemI::createSoundInternal             : exinfo->inclusionlist      = 000000C5B0DFF488
[LOG] SystemI::createSoundInternal             : exinfo->inclusionlistnum   = 1
[LOG] SystemI::createSoundInternal             : exinfo->suggestedsoundtype = 5
[LOG] SystemI::createSoundInternal             : exinfo->useropen           = 00007FFE9CBF3FA0
[LOG] SystemI::createSoundInternal             : exinfo->userclose          = 00007FFE9CBF3F60
[LOG] SystemI::createSoundInternal             : exinfo->userread           = 00007FFE9CBF4080
[LOG] SystemI::createSoundInternal             : exinfo->userseek           = 00007FFE9CBF4140
[LOG] SystemI::createSoundInternal             : exinfo->fileuserdata       = 000002B14B11B368
[LOG] SystemI::createSoundInternal             : exinfo->initialseekpostype = 1
[LOG] SystemI::DSPCodecPoolRegister            : register codec pool for pool type 5
[LOG] SystemI::createSoundInternal             : Sample 0/1: name='Error05', format=5, channels=2, frequency=48000, lengthbytes=20608, lengthpcm=120000, pcmblocksize=0, loopstart=0, loopend=0, mode=0x00000000, channelmask=0x00000000, channelorder=0, peakvolume=0.490936.
[LOG] SystemI::createSoundInternal             : Create name='', mode=0x02000202
[LOG] SystemI::createSoundInternal             : exinfo->cbsize             = 224
[LOG] SystemI::createSoundInternal             : exinfo->length             = 1693440
[LOG] SystemI::createSoundInternal             : exinfo->fileoffset         = 19200
[LOG] SystemI::createSoundInternal             : exinfo->numsubsounds       = 1
[LOG] SystemI::createSoundInternal             : exinfo->inclusionlist      = 000000C5B0DFF488
[LOG] SystemI::createSoundInternal             : exinfo->inclusionlistnum   = 1
[LOG] SystemI::createSoundInternal             : exinfo->suggestedsoundtype = 5
[LOG] SystemI::createSoundInternal             : exinfo->useropen           = 00007FFE9CBF3FA0
[LOG] SystemI::createSoundInternal             : exinfo->userclose          = 00007FFE9CBF3F60
[LOG] SystemI::createSoundInternal             : exinfo->userread           = 00007FFE9CBF4080
[LOG] SystemI::createSoundInternal             : exinfo->userseek           = 00007FFE9CBF4140
[LOG] SystemI::createSoundInternal             : exinfo->fileuserdata       = 000002B14B11B368
[LOG] SystemI::createSoundInternal             : exinfo->initialseekpostype = 1
[LOG] SystemI::DSPCodecPoolRegister            : register codec pool for pool type 5
[LOG] SystemI::createSoundInternal             : Sample 0/1: name='Error39', format=5, channels=2, frequency=48000, lengthbytes=35360, lengthpcm=192000, pcmblocksize=0, loopstart=0, loopend=0, mode=0x00000000, channelmask=0x00000000, channelorder=0, peakvolume=0.446350.
[LOG] SystemI::createSoundInternal             : Create name='', mode=0x02000202
[LOG] SystemI::createSoundInternal             : exinfo->cbsize             = 224
[LOG] SystemI::createSoundInternal             : exinfo->length             = 1693440
[LOG] SystemI::createSoundInternal             : exinfo->fileoffset         = 19200
[LOG] SystemI::createSoundInternal             : exinfo->numsubsounds       = 1
[LOG] SystemI::createSoundInternal             : exinfo->inclusionlist      = 000000C5B0DFF488
[LOG] SystemI::createSoundInternal             : exinfo->inclusionlistnum   = 1
[LOG] SystemI::createSoundInternal             : exinfo->suggestedsoundtype = 5
[LOG] SystemI::createSoundInternal             : exinfo->useropen           = 00007FFE9CBF3FA0
[LOG] SystemI::createSoundInternal             : exinfo->userclose          = 00007FFE9CBF3F60
[LOG] SystemI::createSoundInternal             : exinfo->userread           = 00007FFE9CBF4080
[LOG] SystemI::createSoundInternal             : exinfo->userseek           = 00007FFE9CBF4140
[LOG] SystemI::createSoundInternal             : exinfo->fileuserdata       = 000002B14B11B368
[LOG] SystemI::createSoundInternal             : exinfo->initialseekpostype = 1
[LOG] SystemI::DSPCodecPoolRegister            : register codec pool for pool type 5
[LOG] SystemI::createSoundInternal             : Sample 0/1: name='Error46', format=5, channels=2, frequency=48000, lengthbytes=20768, lengthpcm=120000, pcmblocksize=0, loopstart=0, loopend=0, mode=0x00000000, channelmask=0x00000000, channelorder=0, peakvolume=0.417236.
[LOG] SystemI::createSoundInternal             : Create name='', mode=0x02000202
[LOG] SystemI::createSoundInternal             : exinfo->cbsize             = 224
[LOG] SystemI::createSoundInternal             : exinfo->length             = 1693440
[LOG] SystemI::createSoundInternal             : exinfo->fileoffset         = 19200
[LOG] SystemI::createSoundInternal             : exinfo->numsubsounds       = 1
[LOG] SystemI::createSoundInternal             : exinfo->inclusionlist      = 000000C5B0DFF488
[LOG] SystemI::createSoundInternal             : exinfo->inclusionlistnum   = 1
[LOG] SystemI::createSoundInternal             : exinfo->suggestedsoundtype = 5
[LOG] SystemI::createSoundInternal             : exinfo->useropen           = 00007FFE9CBF3FA0
[LOG] SystemI::createSoundInternal             : exinfo->userclose          = 00007FFE9CBF3F60
[LOG] SystemI::createSoundInternal             : exinfo->userread           = 00007FFE9CBF4080
[LOG] SystemI::createSoundInternal             : exinfo->userseek           = 00007FFE9CBF4140
[LOG] SystemI::createSoundInternal             : exinfo->fileuserdata       = 000002B14B11B368
[LOG] SystemI::createSoundInternal             : exinfo->initialseekpostype = 1
[LOG] SystemI::DSPCodecPoolRegister            : register codec pool for pool type 5
[LOG] SystemI::createSoundInternal             : Sample 0/1: name='Error14', format=5, channels=2, frequency=48000, lengthbytes=20736, lengthpcm=120000, pcmblocksize=0, loopstart=0, loopend=0, mode=0x00000000, channelmask=0x00000000, channelorder=0, peakvolume=0.376892.
[LOG] SoundI::release                          :  (000002B1A1411D28)
[LOG] SoundI::release                          :     Browing0-08.970 (000002B1ABFCE0E8)
[LOG] SoundI::release                          :  (000002B1A1ACD508)
[LOG] SoundI::release                          :     Browing0-12.810 (000002B1ABFCF128)
[LOG] SoundI::release                          :  (000002B1A1411A48)
[LOG] SoundI::release                          :     Browing0-18.190 (000002B1ABFCF7A8)
[LOG] SoundI::release                          :  (000002B1A1411BB8)
[LOG] SoundI::release                          :     Brosing1 (000002B1ABFCE5C8)
[LOG] SoundI::release                          :  (000002B1A1411038)
[LOG] SoundI::release                          :     Browing0 (000002B1ABFCE288)
[LOG] SoundI::release                          :  (000002B1A1ACE368)
[LOG] SoundI::release                          :     Browing0-05.920 (000002B1ABFCDA68)
[LOG] SoundI::release                          :  (000002AFAABC8C18)
[LOG] SoundI::release                          :     Error20 (000002B1ABFCFAE8)
[LOG] SoundI::release                          :  (000002B19AD4A308)
[LOG] SoundI::release                          :     Error27 (000002B1ABFCDDA8)
[LOG] SystemI::createSoundInternal             : Create name='', mode=0x02000202
[LOG] SystemI::createSoundInternal             : exinfo->cbsize             = 224
[LOG] SystemI::createSoundInternal             : exinfo->length             = 1693440
[LOG] SystemI::createSoundInternal             : exinfo->fileoffset         = 19200
[LOG] SystemI::createSoundInternal             : exinfo->numsubsounds       = 1
[LOG] SystemI::createSoundInternal             : exinfo->inclusionlist      = 000000C5B0DFF488
[LOG] SystemI::createSoundInternal             : exinfo->inclusionlistnum   = 1
[LOG] SystemI::createSoundInternal             : exinfo->suggestedsoundtype = 5
[LOG] SystemI::createSoundInternal             : exinfo->useropen           = 00007FFE9CBF3FA0
[LOG] SystemI::createSoundInternal             : exinfo->userclose          = 00007FFE9CBF3F60
[LOG] SystemI::createSoundInternal             : exinfo->userread           = 00007FFE9CBF4080
[LOG] SystemI::createSoundInternal             : exinfo->userseek           = 00007FFE9CBF4140
[LOG] SystemI::createSoundInternal             : exinfo->fileuserdata       = 000002B14B11A918
[LOG] SystemI::createSoundInternal             : exinfo->initialseekpostype = 1
[LOG] SystemI::DSPCodecPoolRegister            : register codec pool for pool type 5
[LOG] SystemI::createSoundInternal             : Sample 0/1: name='Error27', format=5, channels=2, frequency=48000, lengthbytes=21056, lengthpcm=120000, pcmblocksize=0, loopstart=0, loopend=0, mode=0x00000000, channelmask=0x00000000, channelorder=0, peakvolume=0.455505.
[LOG] SystemI::createSoundInternal             : Create name='', mode=0x02000202
[LOG] SystemI::createSoundInternal             : exinfo->cbsize             = 224
[LOG] SystemI::createSoundInternal             : exinfo->length             = 1693440
[LOG] SystemI::createSoundInternal             : exinfo->fileoffset         = 19200
[LOG] SystemI::createSoundInternal             : exinfo->numsubsounds       = 1
[LOG] SystemI::createSoundInternal             : exinfo->inclusionlist      = 000000C5B0DFF488
[LOG] SystemI::createSoundInternal             : exinfo->inclusionlistnum   = 1
[LOG] SystemI::createSoundInternal             : exinfo->suggestedsoundtype = 5
[LOG] SystemI::createSoundInternal             : exinfo->useropen           = 00007FFE9CBF3FA0
[LOG] SystemI::createSoundInternal             : exinfo->userclose          = 00007FFE9CBF3F60
[LOG] SystemI::createSoundInternal             : exinfo->userread           = 00007FFE9CBF4080
[LOG] SystemI::createSoundInternal             : exinfo->userseek           = 00007FFE9CBF4140
[LOG] SystemI::createSoundInternal             : exinfo->fileuserdata       = 000002B14B11A918
[LOG] SystemI::createSoundInternal             : exinfo->initialseekpostype = 1
[LOG] SystemI::DSPCodecPoolRegister            : register codec pool for pool type 5
[LOG] SystemI::createSoundInternal             : Sample 0/1: name='Error20', format=5, channels=2, frequency=48000, lengthbytes=21344, lengthpcm=120000, pcmblocksize=0, loopstart=0, loopend=0, mode=0x00000000, channelmask=0x00000000, channelorder=0, peakvolume=0.541168.
[LOG] SoundI::release                          :  (000002B1ABE774B8)
[LOG] SoundI::release                          :     Error20 (000002B1A789E5B8)
[LOG] SoundI::release                          :  (000002B1ABE7A148)
[LOG] SoundI::release                          :     Error27 (000002B1A789DBF8)
[LOG] SoundI::release                          :  (000002B14B12D018)
[LOG] SoundI::release                          :     Error31 (000002B1ABFCFC88)
[LOG] SoundI::release                          :  (000002B14B0CACA8)
[LOG] SoundI::release                          :     Error34 (000002B1ABFCCD68)
[LOG] SoundI::release                          :  (000002B1ABE78A48)
[LOG] SoundI::release                          :     Error39 (000002B1A789EDD8)
[LOG] SoundI::release                          :  (000002B1ABE78768)
[LOG] SoundI::release                          :     Error46 (000002B1A789CA18)
[LOG] SoundI::release                          :  (000002B19AD49618)
[LOG] SoundI::release                          :     Error48 (000002B1ABFCE908)
[LOG] SoundI::release                          :  (000002B1A24EAD58)
[LOG] SoundI::release                          :     37 (000002B1ABFCC208)
[LOG] SoundI::release                          :  (000002B1A1ACDDA8)
[LOG] SoundI::release                          :     Error (000002B1ABFCC3A8)
[LOG] SoundI::release                          :  (000002B1A24EA628)
[LOG] SoundI::release                          :     Error03 (000002B1ABFCEF88)
[LOG] SoundI::release                          :  (000002B1ABE79A18)
[LOG] SoundI::release                          :     Error05 (000002B1ABFCD248)
[LOG] SoundI::release                          :  (000002B19AD49A68)
[LOG] SoundI::release                          :     Error10 (000002B1ABFCEDE8)
[LOG] SoundI::release                          :  (000002B1ABE7A428)
[LOG] SoundI::release                          :     Error14 (000002B1A789CEF8)
[LOG] Manager::readBank                        : fileversion = 142, compatVersion = 140 (oldest = 44, newest = 142)
[LOG] Manager::readBank                        : fileversion = 142, compatVersion = 140 (oldest = 44, newest = 142)
[LOG] PlaybackSystem::acquireMasterBus         : Setting master channel group format to 6
[LOG] SoundI::release                          :  (000002B1A24EB8D8)
[LOG] SoundI::release                          :     Open0-30.672 (000002B14B22B4D8)
[LOG] SoundI::release                          :  (000002B1A24EB768)
[LOG] SoundI::release                          :     Open1-12.858 (000002B14B22B818)
[LOG] SoundI::release                          :  (000002B1A24EB5F8)
[LOG] SoundI::release                          :     Open1-15.644 (000002B14B22BB58)
[LOG] SoundI::release                          :  (000002B1A24EB318)
[LOG] SoundI::release                          :     Open1-17.934 (000002B14ED21228)
[LOG] SoundI::release                          :  (000002B1A24EBD28)
[LOG] SoundI::release                          :     Open1-19.850 (000002B14ED22268)
[LOG] SoundI::release                          :  (000002B1A24EA068)
[LOG] SoundI::release                          :     Open (000002B14ED213C8)
[LOG] SoundI::release                          :  (000002B1A24EAEC8)
[LOG] SoundI::release                          :     Open0 (000002B14B22AFF8)
[LOG] SoundI::release                          :  (000002B19742E298)
[LOG] SoundI::release                          :     Browing0-08.970 (000002B1ABFCF608)
[LOG] SoundI::release                          :  (000002B19742DCD8)
[LOG] SoundI::release                          :     Browing0-12.810 (000002B1ABFCD8C8)
[LOG] SoundI::release                          :  (000002B19742E408)
[LOG] SoundI::release                          :     Browing0-18.190 (000002B1981E8728)
[LOG] SoundI::release                          :  (000002B19742E128)
[LOG] SoundI::release                          :     Brosing1 (000002B1981E8248)
[LOG] SoundI::release                          :  (000002B19742DE48)
[LOG] SoundI::release                          :     Browing0 (000002B196F88438)
[LOG] SoundI::release                          :  (000002B19B6D09F8)
[LOG] SoundI::release                          :     Browing0-05.920 (000002B1ABFCD588)
[LOG] Thread::callback                         : FMOD Studio update thread finished.
[LOG] Thread::callback                         : FMOD Studio bank load thread finished.
[LOG] Profile::disconnectAll                   : Profiler disconnecting all clients
[LOG] Thread::callback                         : FMOD Studio sample load thread finished.
[LOG] LiveUpdate::release                      : 
[LOG] LiveUpdate::reset                        : Reset connection (reason Disconnected)
[LOG] Thread::callback                         : FMOD stream thread finished.
[LOG] Thread::callback                         : FMOD mixer thread finished.
[LOG] Profile::disconnectAll                   : Profiler disconnecting all clients
[LOG] SystemI::close                           : Closed.
[ERR] assert                                   : assertion: 'gSystemInitCount == 0' failed
